0 info it worked if it ends with ok
1 verbose cli [ '/usr/local/bin/node', '/usr/local/bin/npm', 'start' ]
2 info using npm@3.10.10
3 info using node@v6.11.3
4 verbose run-script [ 'prestart', 'start', 'poststart' ]
5 info lifecycle dalliance@0.13.90-alpha.3~prestart: dalliance@0.13.90-alpha.3
6 silly lifecycle dalliance@0.13.90-alpha.3~prestart: no script for prestart, continuing
7 info lifecycle dalliance@0.13.90-alpha.3~start: dalliance@0.13.90-alpha.3
8 verbose lifecycle dalliance@0.13.90-alpha.3~start: unsafe-perm in lifecycle true
9 verbose lifecycle dalliance@0.13.90-alpha.3~start: PATH: /usr/local/lib/node_modules/npm/bin/node-gyp-bin:/Users/olgabot/code/dalliance/node_modules/.bin:/Users/olgabot/anaconda3/bin:/usr/local/bin:/usr/bin:/bin:/usr/sbin:/sbin:/Library/TeX/texbin
10 verbose lifecycle dalliance@0.13.90-alpha.3~start: CWD: /Users/olgabot/code/dalliance
11 silly lifecycle dalliance@0.13.90-alpha.3~start: Args: [ '-c', 'electron .' ]
12 silly lifecycle dalliance@0.13.90-alpha.3~start: Returned: code: 1  signal: null
13 info lifecycle dalliance@0.13.90-alpha.3~start: Failed to exec start script
14 verbose stack Error: dalliance@0.13.90-alpha.3 start: `electron .`
14 verbose stack Exit status 1
14 verbose stack     at EventEmitter.<anonymous> (/usr/local/lib/node_modules/npm/lib/utils/lifecycle.js:255:16)
14 verbose stack     at emitTwo (events.js:106:13)
14 verbose stack     at EventEmitter.emit (events.js:191:7)
14 verbose stack     at ChildProcess.<anonymous> (/usr/local/lib/node_modules/npm/lib/utils/spawn.js:40:14)
14 verbose stack     at emitTwo (events.js:106:13)
14 verbose stack     at ChildProcess.emit (events.js:191:7)
14 verbose stack     at maybeClose (internal/child_process.js:920:16)
14 verbose stack     at Process.ChildProcess._handle.onexit (internal/child_process.js:230:5)
15 verbose pkgid dalliance@0.13.90-alpha.3
16 verbose cwd /Users/olgabot/code/dalliance
17 error Darwin 16.7.0
18 error argv "/usr/local/bin/node" "/usr/local/bin/npm" "start"
19 error node v6.11.3
20 error npm  v3.10.10
21 error code ELIFECYCLE
22 error dalliance@0.13.90-alpha.3 start: `electron .`
22 error Exit status 1
23 error Failed at the dalliance@0.13.90-alpha.3 start script 'electron .'.
23 error Make sure you have the latest version of node.js and npm installed.
23 error If you do, this is most likely a problem with the dalliance package,
23 error not with npm itself.
23 error Tell the author that this fails on your system:
23 error     electron .
23 error You can get information on how to open an issue for this project with:
23 error     npm bugs dalliance
23 error Or if that isn't available, you can get their info via:
23 error     npm owner ls dalliance
23 error There is likely additional logging output above.
24 verbose exit [ 1, true ]
